# JRE version: OpenJDK Runtime Environment (11.0.8+10) (build 11.0.8+10-b944.6842174)
# Java VM: OpenJDK 64-Bit Server VM (11.0.8+10-b944.6842174, mixed mode, tiered, compressed oops, g1 gc, windows-amd64)
Heap:
 garbage-first heap   total 157696K, used 107311K [0x0000000080000000, 0x0000000100000000)
  region size 1024K, 15 young (15360K), 2 survivors (2048K)
 Metaspace       used 81968K, capacity 84023K, committed 84304K, reserved 1122304K
  class space    used 10456K, capacity 11170K, committed 11264K, reserved 1048576K
GC Heap History (20 events):
Event: 31.305 GC heap before
{Heap before GC invocations=20 (full 0):
 garbage-first heap   total 131072K, used 107158K [0x0000000080000000, 0x0000000100000000)
  region size 1024K, 35 young (35840K), 5 survivors (5120K)
 Metaspace       used 73367K, capacity 75486K, committed 75728K, reserved 1114112K
  class space    used 9575K, capacity 10313K, committed 10368K, reserved 1048576K
}
Event: 31.313 GC heap after
{Heap after GC invocations=21 (full 0):
 garbage-first heap   total 131072K, used 78889K [0x0000000080000000, 0x0000000100000000)
  region size 1024K, 2 young (2048K), 2 survivors (2048K)
 Metaspace       used 73367K, capacity 75486K, committed 75728K, reserved 1114112K
  class space    used 9575K, capacity 10313K, committed 10368K, reserved 1048576K
}
Event: 31.500 GC heap before
{Heap before GC invocations=21 (full 0):
 garbage-first heap   total 131072K, used 107561K [0x0000000080000000, 0x0000000100000000)
  region size 1024K, 31 young (31744K), 2 survivors (2048K)
 Metaspace       used 73500K, capacity 75551K, committed 75728K, reserved 1114112K
  class space    used 9575K, capacity 10313K, committed 10368K, reserved 1048576K
}
Event: 31.502 GC heap after
{Heap after GC invocations=22 (full 0):
 garbage-first heap   total 131072K, used 80238K [0x0000000080000000, 0x0000000100000000)
  region size 1024K, 4 young (4096K), 4 survivors (4096K)
 Metaspace       used 73500K, capacity 75551K, committed 75728K, reserved 1114112K
  class space    used 9575K, capacity 10313K, committed 10368K, reserved 1048576K
}
Event: 31.846 GC heap before
{Heap before GC invocations=23 (full 0):
 garbage-first heap   total 131072K, used 107886K [0x0000000080000000, 0x0000000100000000)
  region size 1024K, 32 young (32768K), 4 survivors (4096K)
 Metaspace       used 74232K, capacity 76291K, committed 76624K, reserved 1116160K
  class space    used 9625K, capacity 10374K, committed 10496K, reserved 1048576K
}
Event: 31.852 GC heap after
{Heap after GC invocations=24 (full 0):
 garbage-first heap   total 131072K, used 82944K [0x0000000080000000, 0x0000000100000000)
  region size 1024K, 4 young (4096K), 4 survivors (4096K)
 Metaspace       used 74232K, capacity 76291K, committed 76624K, reserved 1116160K
  class space    used 9625K, capacity 10374K, committed 10496K, reserved 1048576K
}
Event: 32.284 GC heap before
{Heap before GC invocations=24 (full 0):
 garbage-first heap   total 131072K, used 109568K [0x0000000080000000, 0x0000000100000000)
  region size 1024K, 31 young (31744K), 4 survivors (4096K)
 Metaspace       used 75102K, capacity 77184K, committed 77520K, reserved 1116160K
  class space    used 9702K, capacity 10481K, committed 10624K, reserved 1048576K
}
Event: 32.291 GC heap after
{Heap after GC invocations=25 (full 0):
 garbage-first heap   total 131072K, used 85915K [0x0000000080000000, 0x0000000100000000)
  region size 1024K, 4 young (4096K), 4 survivors (4096K)
 Metaspace       used 75102K, capacity 77184K, committed 77520K, reserved 1116160K
  class space    used 9702K, capacity 10481K, committed 10624K, reserved 1048576K
}
Event: 32.470 GC heap before
{Heap before GC invocations=26 (full 0):
 garbage-first heap   total 131072K, used 108443K [0x0000000080000000, 0x0000000100000000)
  region size 1024K, 27 young (27648K), 4 survivors (4096K)
 Metaspace       used 75064K, capacity 76996K, committed 77520K, reserved 1116160K
  class space    used 9639K, capacity 10360K, committed 10624K, reserved 1048576K
}
Event: 32.474 GC heap after
{Heap after GC invocations=27 (full 0):
 garbage-first heap   total 131072K, used 87222K [0x0000000080000000, 0x0000000100000000)
  region size 1024K, 2 young (2048K), 2 survivors (2048K)
 Metaspace       used 75064K, capacity 76996K, committed 77520K, reserved 1116160K
  class space    used 9639K, capacity 10360K, committed 10624K, reserved 1048576K
}
Event: 32.673 GC heap before
{Heap before GC invocations=27 (full 0):
 garbage-first heap   total 131072K, used 99510K [0x0000000080000000, 0x0000000100000000)
  region size 1024K, 16 young (16384K), 2 survivors (2048K)
 Metaspace       used 75125K, capacity 77001K, committed 77520K, reserved 1116160K
  class space    used 9639K, capacity 10360K, committed 10624K, reserved 1048576K
}
Event: 32.684 GC heap after
{Heap after GC invocations=28 (full 0):
 garbage-first heap   total 157696K, used 87714K [0x0000000080000000, 0x0000000100000000)
  region size 1024K, 3 young (3072K), 3 survivors (3072K)
 Metaspace       used 75125K, capacity 77001K, committed 77520K, reserved 1116160K
  class space    used 9639K, capacity 10360K, committed 10624K, reserved 1048576K
}
Event: 33.732 GC heap before
{Heap before GC invocations=29 (full 0):
 garbage-first heap   total 157696K, used 123554K [0x0000000080000000, 0x0000000100000000)
  region size 1024K, 38 young (38912K), 3 survivors (3072K)
 Metaspace       used 76557K, capacity 78522K, committed 78928K, reserved 1118208K
  class space    used 9827K, capacity 10531K, committed 10752K, reserved 1048576K
}
Event: 33.741 GC heap after
{Heap after GC invocations=30 (full 0):
 garbage-first heap   total 157696K, used 89485K [0x0000000080000000, 0x0000000100000000)
  region size 1024K, 4 young (4096K), 4 survivors (4096K)
 Metaspace       used 76557K, capacity 78522K, committed 78928K, reserved 1118208K
  class space    used 9827K, capacity 10531K, committed 10752K, reserved 1048576K
}
Event: 63.284 GC heap before
{Heap before GC invocations=30 (full 0):
 garbage-first heap   total 157696K, used 125325K [0x0000000080000000, 0x0000000100000000)
  region size 1024K, 40 young (40960K), 4 survivors (4096K)
 Metaspace       used 79624K, capacity 81607K, committed 81744K, reserved 1120256K
  class space    used 10180K, capacity 10902K, committed 11008K, reserved 1048576K
}
Event: 63.292 GC heap after
{Heap after GC invocations=31 (full 0):
 garbage-first heap   total 157696K, used 93614K [0x0000000080000000, 0x0000000100000000)
  region size 1024K, 5 young (5120K), 5 survivors (5120K)
 Metaspace       used 79624K, capacity 81607K, committed 81744K, reserved 1120256K
  class space    used 10180K, capacity 10902K, committed 11008K, reserved 1048576K
}
Event: 63.511 GC heap before
{Heap before GC invocations=32 (full 0):
 garbage-first heap   total 157696K, used 127406K [0x0000000080000000, 0x0000000100000000)
  region size 1024K, 38 young (38912K), 5 survivors (5120K)
 Metaspace       used 80108K, capacity 82087K, committed 82384K, reserved 1120256K
  class space    used 10211K, capacity 10934K, committed 11136K, reserved 1048576K
}
Event: 63.519 GC heap after
{Heap after GC invocations=33 (full 0):
 garbage-first heap   total 157696K, used 96243K [0x0000000080000000, 0x0000000100000000)
  region size 1024K, 3 young (3072K), 3 survivors (3072K)
 Metaspace       used 80108K, capacity 82087K, committed 82384K, reserved 1120256K
  class space    used 10211K, capacity 10934K, committed 11136K, reserved 1048576K
}
Event: 63.713 GC heap before
{Heap before GC invocations=33 (full 0):
 garbage-first heap   total 157696K, used 127987K [0x0000000080000000, 0x0000000100000000)
  region size 1024K, 35 young (35840K), 3 survivors (3072K)
 Metaspace       used 80958K, capacity 83031K, committed 83280K, reserved 1122304K
  class space    used 10333K, capacity 11074K, committed 11264K, reserved 1048576K
}
Event: 63.717 GC heap after
{Heap after GC invocations=34 (full 0):
 garbage-first heap   total 157696K, used 95023K [0x0000000080000000, 0x0000000100000000)
  region size 1024K, 2 young (2048K), 2 survivors (2048K)
 Metaspace       used 80958K, capacity 83031K, committed 83280K, reserved 1122304K
  class space    used 10333K, capacity 11074K, committed 11264K, reserved 1048576K
}

